-- The C compiler identification is GNU 11.3.0
-- The CXX compiler identification is GNU 11.3.0
-- Detecting C compiler ABI info
-- Detecting C compiler ABI info - done
-- Check for working C compiler: /usr/bin/cc - skipped
-- Detecting C compile features
-- Detecting C compile features - done
-- Detecting CXX compiler ABI info
-- Detecting CXX compiler ABI info - done
-- Check for working CXX compiler: /usr/bin/c++ - skipped
-- Detecting CXX compile features
-- Detecting CXX compile features - done
Katalog do zbudowanego projektu: /tmp/tmpxpr6awud/student/lab3inheritance/build
 + Znaleziono nagłówki: /tmp/tmpxpr6awud/student/lab3inheritance/direction.h;/tmp/tmpxpr6awud/student/lab3inheritance/enemy.h;/tmp/tmpxpr6awud/student/lab3inheritance/engine.h;/tmp/tmpxpr6awud/student/lab3inheritance/object.h;/tmp/tmpxpr6awud/student/lab3inheritance/player.h;/tmp/tmpxpr6awud/student/lab3inheritance/position.h;/tmp/tmpxpr6awud/student/lab3inheritance/shoot.h;/tmp/tmpxpr6awud/student/lab3inheritance/stage.h
 + Znaleziono źródła: /tmp/tmpxpr6awud/student/lab3inheritance/enemy.cpp;/tmp/tmpxpr6awud/student/lab3inheritance/engine.cpp;/tmp/tmpxpr6awud/student/lab3inheritance/main.cpp;/tmp/tmpxpr6awud/student/lab3inheritance/object.cpp;/tmp/tmpxpr6awud/student/lab3inheritance/stage.cpp
 + Znaleziono źródła bez main.cpp: /tmp/tmpxpr6awud/student/lab3inheritance/enemy.cpp;/tmp/tmpxpr6awud/student/lab3inheritance/engine.cpp;/tmp/tmpxpr6awud/student/lab3inheritance/object.cpp;/tmp/tmpxpr6awud/student/lab3inheritance/stage.cpp
	* valgrind found: /usr/bin/valgrind
-- Found Python: /tmp/tmpv4c4hsaj/teacher/test-venv/bin/python3 (found version "3.11.0") found components: Interpreter 
-- Looking for pthread.h
-- Looking for pthread.h - found
-- Performing Test CMAKE_HAVE_LIBC_PTHREAD
-- Performing Test CMAKE_HAVE_LIBC_PTHREAD - Success
-- Found Threads: TRUE  
 + Znaleziono pliki testów: /tmp/tmpxpr6awud/student/lab3inheritance/tests/enemyTests.cpp;/tmp/tmpxpr6awud/student/lab3inheritance/tests/engineTests.cpp;/tmp/tmpxpr6awud/student/lab3inheritance/tests/objectTests.cpp;/tmp/tmpxpr6awud/student/lab3inheritance/tests/playerTests.cpp;/tmp/tmpxpr6awud/student/lab3inheritance/tests/shootTests.cpp
 + katalog nagłówków: 
-- Could NOT find QT (missing: QT_DIR)
CMake Warning (dev) at game/CMakeLists.txt:12 (find_package):
  Policy CMP0084 is not set: The FindQt module does not exist for
  find_package().  Run "cmake --help-policy CMP0084" for policy details.  Use
  the cmake_policy command to set the policy and suppress this warning.

This warning is for project developers.  Use -Wno-dev to suppress it.

-- Could NOT find Qt3 (missing: QT_QT_LIBRARY QT_INCLUDE_DIR QT_MOC_EXECUTABLE) 
CMake was unable to find desired Qt version: 3. Set advanced values QT_QMAKE_EXECUTABLE and QT3_QGLOBAL_H_FILE.
QT not found
-- Configuring done
-- Generating done
-- Build files have been written to: /tmp/tmpxpr6awud/student/lab3inheritance/build
