Performing C SOURCE FILE Test CMAKE_HAVE_LIBC_PTHREAD failed with the following output:
Change Dir: C:/Projekty/CLionProjects/pp-2-lab-7-matrix-2-d/zaj7Matrix/cmake-build-debug/CMakeFiles/CMakeTmp

Run Build Command(s):C:/Program Files/JetBrains/CLion 2022.3.2/bin/ninja/win/x64/ninja.exe cmTC_ee19c && [1/2] Building C object CMakeFiles\cmTC_ee19c.dir\src.c.obj
FAILED: CMakeFiles/cmTC_ee19c.dir/src.c.obj 
C:\PROGRA~1\MIB055~1\2022\ENTERP~1\VC\Tools\MSVC\1435~1.322\bin\Hostx86\x86\cl.exe  /nologo -DCMAKE_HAVE_LIBC_PTHREAD  /DWIN32 /D_WINDOWS  /Zi /Ob0 /Od /RTC1 -MDd /showIncludes /FoCMakeFiles\cmTC_ee19c.dir\src.c.obj /FdCMakeFiles\cmTC_ee19c.dir\ /FS -c C:\Projekty\CLionProjects\pp-2-lab-7-matrix-2-d\zaj7Matrix\cmake-build-debug\CMakeFiles\CMakeTmp\src.c
C:\Projekty\CLionProjects\pp-2-lab-7-matrix-2-d\zaj7Matrix\cmake-build-debug\CMakeFiles\CMakeTmp\src.c(1): fatal error C1083: Nie można otworzyć pliku dołącz: 'pthread.h': No such file or directory
ninja: build stopped: subcommand failed.


Source file was:
#include <pthread.h>

static void* test_func(void* data)
{
  return data;
}

int main(void)
{
  pthread_t thread;
  pthread_create(&thread, NULL, test_func, NULL);
  pthread_detach(thread);
  pthread_cancel(thread);
  pthread_join(thread, NULL);
  pthread_atfork(NULL, NULL, NULL);
  pthread_exit(NULL);

  return 0;
}

Determining if the function pthread_create exists in the pthreads failed with the following output:
Change Dir: C:/Projekty/CLionProjects/pp-2-lab-7-matrix-2-d/zaj7Matrix/cmake-build-debug/CMakeFiles/CMakeTmp

Run Build Command(s):C:/Program Files/JetBrains/CLion 2022.3.2/bin/ninja/win/x64/ninja.exe cmTC_d6847 && [1/2] Building C object CMakeFiles\cmTC_d6847.dir\CheckFunctionExists.c.obj
[2/2] Linking C executable cmTC_d6847.exe
FAILED: cmTC_d6847.exe 
cmd.exe /C "cd . && "C:\Program Files\JetBrains\CLion 2022.3.2\bin\cmake\win\x64\bin\cmake.exe" -E vs_link_exe --intdir=CMakeFiles\cmTC_d6847.dir --rc=C:\PROGRA~2\WI3CF2~1\10\bin\100220~1.0\x86\rc.exe --mt=C:\PROGRA~2\WI3CF2~1\10\bin\100220~1.0\x86\mt.exe --manifests  -- C:\PROGRA~1\MIB055~1\2022\ENTERP~1\VC\Tools\MSVC\1435~1.322\bin\Hostx86\x86\link.exe /nologo CMakeFiles\cmTC_d6847.dir\CheckFunctionExists.c.obj  /out:cmTC_d6847.exe /implib:cmTC_d6847.lib /pdb:cmTC_d6847.pdb /version:0.0 /machine:X86  /debug /INCREMENTAL /subsystem:console  pthreads.lib  kernel32.lib user32.lib gdi32.lib winspool.lib shell32.lib ole32.lib oleaut32.lib uuid.lib comdlg32.lib advapi32.lib && cd ."
LINK Pass 1: command "C:\PROGRA~1\MIB055~1\2022\ENTERP~1\VC\Tools\MSVC\1435~1.322\bin\Hostx86\x86\link.exe /nologo CMakeFiles\cmTC_d6847.dir\CheckFunctionExists.c.obj /out:cmTC_d6847.exe /implib:cmTC_d6847.lib /pdb:cmTC_d6847.pdb /version:0.0 /machine:X86 /debug /INCREMENTAL /subsystem:console pthreads.lib kernel32.lib user32.lib gdi32.lib winspool.lib shell32.lib ole32.lib oleaut32.lib uuid.lib comdlg32.lib advapi32.lib /MANIFEST /MANIFESTFILE:CMakeFiles\cmTC_d6847.dir/intermediate.manifest CMakeFiles\cmTC_d6847.dir/manifest.res" failed (exit code 1104) with the following output:
LINK : fatal error LNK1104: nie można otworzyć pliku "pthreads.lib"
ninja: build stopped: subcommand failed.



Determining if the function pthread_create exists in the pthread failed with the following output:
Change Dir: C:/Projekty/CLionProjects/pp-2-lab-7-matrix-2-d/zaj7Matrix/cmake-build-debug/CMakeFiles/CMakeTmp

Run Build Command(s):C:/Program Files/JetBrains/CLion 2022.3.2/bin/ninja/win/x64/ninja.exe cmTC_a8349 && [1/2] Building C object CMakeFiles\cmTC_a8349.dir\CheckFunctionExists.c.obj
[2/2] Linking C executable cmTC_a8349.exe
FAILED: cmTC_a8349.exe 
cmd.exe /C "cd . && "C:\Program Files\JetBrains\CLion 2022.3.2\bin\cmake\win\x64\bin\cmake.exe" -E vs_link_exe --intdir=CMakeFiles\cmTC_a8349.dir --rc=C:\PROGRA~2\WI3CF2~1\10\bin\100220~1.0\x86\rc.exe --mt=C:\PROGRA~2\WI3CF2~1\10\bin\100220~1.0\x86\mt.exe --manifests  -- C:\PROGRA~1\MIB055~1\2022\ENTERP~1\VC\Tools\MSVC\1435~1.322\bin\Hostx86\x86\link.exe /nologo CMakeFiles\cmTC_a8349.dir\CheckFunctionExists.c.obj  /out:cmTC_a8349.exe /implib:cmTC_a8349.lib /pdb:cmTC_a8349.pdb /version:0.0 /machine:X86  /debug /INCREMENTAL /subsystem:console  pthread.lib  kernel32.lib user32.lib gdi32.lib winspool.lib shell32.lib ole32.lib oleaut32.lib uuid.lib comdlg32.lib advapi32.lib && cd ."
LINK Pass 1: command "C:\PROGRA~1\MIB055~1\2022\ENTERP~1\VC\Tools\MSVC\1435~1.322\bin\Hostx86\x86\link.exe /nologo CMakeFiles\cmTC_a8349.dir\CheckFunctionExists.c.obj /out:cmTC_a8349.exe /implib:cmTC_a8349.lib /pdb:cmTC_a8349.pdb /version:0.0 /machine:X86 /debug /INCREMENTAL /subsystem:console pthread.lib kernel32.lib user32.lib gdi32.lib winspool.lib shell32.lib ole32.lib oleaut32.lib uuid.lib comdlg32.lib advapi32.lib /MANIFEST /MANIFESTFILE:CMakeFiles\cmTC_a8349.dir/intermediate.manifest CMakeFiles\cmTC_a8349.dir/manifest.res" failed (exit code 1104) with the following output:
LINK : fatal error LNK1104: nie można otworzyć pliku "pthread.lib"
ninja: build stopped: subcommand failed.



