-- The C compiler identification is GNU 11.3.0
-- The CXX compiler identification is GNU 11.3.0
-- Detecting C compiler ABI info
-- Detecting C compiler ABI info - done
-- Check for working C compiler: /usr/bin/cc - skipped
-- Detecting C compile features
-- Detecting C compile features - done
-- Detecting CXX compiler ABI info
-- Detecting CXX compiler ABI info - done
-- Check for working CXX compiler: /usr/bin/c++ - skipped
-- Detecting CXX compile features
-- Detecting CXX compile features - done
Katalog do zbudowanego projektu: /tmp/tmpflvsb9_5/student/lab4SimpleString/build
 + Znaleziono nagłówki: /tmp/tmpflvsb9_5/student/lab4SimpleString/simpleString.h
 + Znaleziono źródła: /tmp/tmpflvsb9_5/student/lab4SimpleString/main.cpp;/tmp/tmpflvsb9_5/student/lab4SimpleString/simpleString.cpp
 + Znaleziono źródła bez main.cpp: /tmp/tmpflvsb9_5/student/lab4SimpleString/simpleString.cpp
	* valgrind found: /usr/bin/valgrind
	* cppcheck found: /usr/local/bin/cppcheck
-- Found Python: /tmp/tmp057fu2ls/teacher/test-venv/bin/python3 (found version "3.11.0") found components: Interpreter 
-- Looking for pthread.h
-- Looking for pthread.h - found
-- Performing Test CMAKE_HAVE_LIBC_PTHREAD
-- Performing Test CMAKE_HAVE_LIBC_PTHREAD - Success
-- Found Threads: TRUE  
 + Znaleziono pliki testów: /tmp/tmpflvsb9_5/student/lab4SimpleString/tests/simpleStringTests.cpp
 + katalog nagłówków: 
-- Configuring done
-- Generating done
-- Build files have been written to: /tmp/tmpflvsb9_5/student/lab4SimpleString/build
