==163== Memcheck, a memory error detector
==163== Copyright (C) 2002-2017, and GNU GPL'd, by Julian Seward et al.
==163== Using Valgrind-3.18.1 and LibVEX; rerun with -h for copyright info
==163== Command: /tmp/tmpflvsb9_5/student/lab4SimpleString/build//bin/tests
==163== 
Running main() from /tmp/tmpflvsb9_5/student/lab4SimpleString/tests/lib/googletest/src/gtest_main.cc
[==========] Running 14 tests from 1 test suite.
[----------] Global test environment set-up.
[----------] 14 tests from SimpleStringTester
[ RUN      ] SimpleStringTester.constructionWithDefaultConstructor_expectedAllElementsAreZero
[       OK ] SimpleStringTester.constructionWithDefaultConstructor_expectedAllElementsAreZero (19 ms)
[ RUN      ] SimpleStringTester.constructionFromText_expectedDataCopied
[       OK ] SimpleStringTester.constructionFromText_expectedDataCopied (6 ms)
[ RUN      ] SimpleStringTester.constructionFromEmptyText_expectedEmptyTextCopied
[       OK ] SimpleStringTester.constructionFromEmptyText_expectedEmptyTextCopied (3 ms)
[ RUN      ] SimpleStringTester.copyConstruction_expectedDataCopied
[       OK ] SimpleStringTester.copyConstruction_expectedDataCopied (6 ms)
[ RUN      ] SimpleStringTester.destructor_expectedMemoryFreed
/tmp/tmpflvsb9_5/student/lab4SimpleString/tests/simpleStringTests.cpp:116: Failure
Expected equality of these values:
  deallocationsBefore + 1
    Which is: 1
  ::deallocations
    Which is: 0
[  FAILED  ] SimpleStringTester.destructor_expectedMemoryFreed (53 ms)
[ RUN      ] SimpleStringTester.instanceMethod_expectedCountedAllLivingInstances
[       OK ] SimpleStringTester.instanceMethod_expectedCountedAllLivingInstances (4 ms)
[ RUN      ] SimpleStringTester.assign_expectedNewTextSet
[       OK ] SimpleStringTester.assign_expectedNewTextSet (7 ms)
[ RUN      ] SimpleStringTester.equalToWithoutIgnoringCases
[       OK ] SimpleStringTester.equalToWithoutIgnoringCases (9 ms)
[ RUN      ] SimpleStringTester.equalToWithDifferentCaseSettings
[       OK ] SimpleStringTester.equalToWithDifferentCaseSettings (4 ms)
[ RUN      ] SimpleStringTester.appendOneTextAnotherOne_expectedBothTextMerged
[       OK ] SimpleStringTester.appendOneTextAnotherOne_expectedBothTextMerged (6 ms)
[ RUN      ] SimpleStringTester.substr_expectedPartOfTextReturned
[       OK ] SimpleStringTester.substr_expectedPartOfTextReturned (5 ms)
[ RUN      ] SimpleStringTester.movingConstructor
[       OK ] SimpleStringTester.movingConstructor (6 ms)
[ RUN      ] SimpleStringTester.compareTextWithCases_expectedComparingWorks
[       OK ] SimpleStringTester.compareTextWithCases_expectedComparingWorks (7 ms)
[ RUN      ] SimpleStringTester.compareTextWithoutCases_expectedComparingWorks
[       OK ] SimpleStringTester.compareTextWithoutCases_expectedComparingWorks (6 ms)
[----------] 14 tests from SimpleStringTester (163 ms total)

[----------] Global test environment tear-down
[==========] 14 tests from 1 test suite ran. (217 ms total)
[  PASSED  ] 13 tests.
[  FAILED  ] 1 test, listed below:
[  FAILED  ] SimpleStringTester.destructor_expectedMemoryFreed

 1 FAILED TEST
==163== 
==163== HEAP SUMMARY:
==163==     in use at exit: 0 bytes in 0 blocks
==163==   total heap usage: 594 allocs, 594 frees, 148,911 bytes allocated
==163== 
==163== All heap blocks were freed -- no leaks are possible
==163== 
==163== For lists of detected and suppressed errors, rerun with: -s
==163== ERROR SUMMARY: 0 errors from 0 contexts (suppressed: 0 from 0)
