[ 10%] Building CXX object tests/lib/googletest/CMakeFiles/gtest.dir/src/gtest-all.cc.o
[ 20%] Linking CXX static library ../../../lib/libgtest.a
[ 20%] Built target gtest
[ 30%] Building CXX object tests/lib/googletest/CMakeFiles/gtest_main.dir/src/gtest_main.cc.o
[ 40%] Linking CXX static library ../../../lib/libgtest_main.a
[ 40%] Built target gtest_main
[ 60%] Building CXX object tests/CMakeFiles/tests.dir/windowsTests.cpp.o
[ 60%] Building CXX object tests/CMakeFiles/tests.dir/linuxTests.cpp.o
[ 80%] Building CXX object tests/CMakeFiles/tests.dir/__/linux.cpp.o
[ 90%] Building CXX object tests/CMakeFiles/tests.dir/__/user.cpp.o
[ 90%] Building CXX object tests/CMakeFiles/tests.dir/__/windows.cpp.o
/tmp/tmp70yuhqk_/student/lab2systems/windows.cpp:8:6: warning: #warning is a GCC extension
    8 |     #warning "Funkcje sa do zaimplementowania. Instrukcja w pliku naglowkowym"
      |      ^~~~~~~
/tmp/tmp70yuhqk_/student/lab2systems/windows.cpp:8:6: warning: #warning "Funkcje sa do zaimplementowania. Instrukcja w pliku naglowkowym" [-Wcpp]
/tmp/tmp70yuhqk_/student/lab2systems/linux.cpp:8:6: warning: #warning is a GCC extension
    8 |     #warning "Funkcje sa do zaimplementowania. Instrukcja w pliku naglowkowym"
      |      ^~~~~~~
/tmp/tmp70yuhqk_/student/lab2systems/linux.cpp:8:6: warning: #warning "Funkcje sa do zaimplementowania. Instrukcja w pliku naglowkowym" [-Wcpp]
[100%] Linking CXX executable ../bin/tests
[100%] Built target tests
