The system is: Windows - 10.0.22621 - AMD64
Compiling the C compiler identification source file "CMakeCCompilerId.c" succeeded.
Compiler: C:/Program Files/Microsoft Visual Studio/2022/Enterprise/VC/Tools/MSVC/14.35.32215/bin/Hostx86/x86/cl.exe 
Build flags: 
Id flags:  

The output was:
0
Microsoft (R) Kompilator optymalizujący C/C++, wersja 19.35.32215 dla architektury x86
Copyright (C) Microsoft Corporation. Wszystkie prawa zastrzeżone.

CMakeCCompilerId.c
Microsoft (R) Incremental Linker Version 14.35.32215.0
Copyright (C) Microsoft Corporation.  All rights reserved.

/out:CMakeCCompilerId.exe 
CMakeCCompilerId.obj 


Compilation of the C compiler identification source "CMakeCCompilerId.c" produced "CMakeCCompilerId.exe"

Compilation of the C compiler identification source "CMakeCCompilerId.c" produced "CMakeCCompilerId.obj"

The C compiler identification is MSVC, found in "C:/Projekty/CLionProjects/pp2-lab11-ptrcstringvector/zaj11PtrCStringVector/cmake-build-debug/CMakeFiles/3.24.2/CompilerIdC/CMakeCCompilerId.exe"

Compiling the CXX compiler identification source file "CMakeCXXCompilerId.cpp" succeeded.
Compiler: C:/Program Files/Microsoft Visual Studio/2022/Enterprise/VC/Tools/MSVC/14.35.32215/bin/Hostx86/x86/cl.exe 
Build flags: 
Id flags:  

The output was:
0
Microsoft (R) Kompilator optymalizujący C/C++, wersja 19.35.32215 dla architektury x86
Copyright (C) Microsoft Corporation. Wszystkie prawa zastrzeżone.

CMakeCXXCompilerId.cpp
Microsoft (R) Incremental Linker Version 14.35.32215.0
Copyright (C) Microsoft Corporation.  All rights reserved.

/out:CMakeCXXCompilerId.exe 
CMakeCXXCompilerId.obj 


Compilation of the CXX compiler identification source "CMakeCXXCompilerId.cpp" produced "CMakeCXXCompilerId.exe"

Compilation of the CXX compiler identification source "CMakeCXXCompilerId.cpp" produced "CMakeCXXCompilerId.obj"

The CXX compiler identification is MSVC, found in "C:/Projekty/CLionProjects/pp2-lab11-ptrcstringvector/zaj11PtrCStringVector/cmake-build-debug/CMakeFiles/3.24.2/CompilerIdCXX/CMakeCXXCompilerId.exe"

Detecting C compiler ABI info compiled with the following output:
Change Dir: C:/Projekty/CLionProjects/pp2-lab11-ptrcstringvector/zaj11PtrCStringVector/cmake-build-debug/CMakeFiles/CMakeTmp

Run Build Command(s):C:/Program Files/JetBrains/CLion 2022.3.2/bin/ninja/win/x64/ninja.exe cmTC_0cff2 && [1/2] Building C object CMakeFiles\cmTC_0cff2.dir\CMakeCCompilerABI.c.obj
[2/2] Linking C executable cmTC_0cff2.exe



Detecting CXX compiler ABI info compiled with the following output:
Change Dir: C:/Projekty/CLionProjects/pp2-lab11-ptrcstringvector/zaj11PtrCStringVector/cmake-build-debug/CMakeFiles/CMakeTmp

Run Build Command(s):C:/Program Files/JetBrains/CLion 2022.3.2/bin/ninja/win/x64/ninja.exe cmTC_8121c && [1/2] Building CXX object CMakeFiles\cmTC_8121c.dir\CMakeCXXCompilerABI.cpp.obj
[2/2] Linking CXX executable cmTC_8121c.exe



