==164== Memcheck, a memory error detector
==164== Copyright (C) 2002-2017, and GNU GPL'd, by Julian Seward et al.
==164== Using Valgrind-3.18.1 and LibVEX; rerun with -h for copyright info
==164== Command: /tmp/tmpx4ar05mp/student/zaj10SortedUniqueVectoredList/build//bin/unit_tests
==164== 
Running main() from /tmp/tmpx4ar05mp/student/zaj10SortedUniqueVectoredList/unitTests/lib/googletest/src/gtest_main.cc
[==========] Running 15 tests from 1 test suite.
[----------] Global test environment set-up.
[----------] 15 tests from SortedUniqueVectoredListTests
[ RUN      ] SortedUniqueVectoredListTests.defaultConstructor_sizeOfEmptyContainerIsZero
[       OK ] SortedUniqueVectoredListTests.defaultConstructor_sizeOfEmptyContainerIsZero (18 ms)
[ RUN      ] SortedUniqueVectoredListTests.pushBack_sizeOfContainerIncreaseAfterCallingPushBack
[       OK ] SortedUniqueVectoredListTests.pushBack_sizeOfContainerIncreaseAfterCallingPushBack (24 ms)
[ RUN      ] SortedUniqueVectoredListTests.arrayIndexingOperator_testsInTheSamePositionsAsPushed
[       OK ] SortedUniqueVectoredListTests.arrayIndexingOperator_testsInTheSamePositionsAsPushed (6 ms)
[ RUN      ] SortedUniqueVectoredListTests.arrayIndexingOperator_throwingExceptionWhenOutOfRange
[       OK ] SortedUniqueVectoredListTests.arrayIndexingOperator_throwingExceptionWhenOutOfRange (41 ms)
[ RUN      ] SortedUniqueVectoredListTests.copyConstructor_textsDeeplyCopied
[       OK ] SortedUniqueVectoredListTests.copyConstructor_textsDeeplyCopied (9 ms)
[ RUN      ] SortedUniqueVectoredListTests.assignmentOperator_copyingContainerDeeply
[       OK ] SortedUniqueVectoredListTests.assignmentOperator_copyingContainerDeeply (8 ms)
[ RUN      ] SortedUniqueVectoredListTests.assignmentOperator_assignmentCascadeAtOnceExpectingDeepCopyMultipleTimesEvenWithItselve
[       OK ] SortedUniqueVectoredListTests.assignmentOperator_assignmentCascadeAtOnceExpectingDeepCopyMultipleTimesEvenWithItselve (6 ms)
[ RUN      ] SortedUniqueVectoredListTests.assignmentOperator_movingTextFromAnotherContainer
[       OK ] SortedUniqueVectoredListTests.assignmentOperator_movingTextFromAnotherContainer (7 ms)
[ RUN      ] SortedUniqueVectoredListTests.subtractOperator_expectReturningContainerContainingElementsFromFirstContainerWhichAreNotInAnotherContainers
[       OK ] SortedUniqueVectoredListTests.subtractOperator_expectReturningContainerContainingElementsFromFirstContainerWhichAreNotInAnotherContainers (16 ms)
[ RUN      ] SortedUniqueVectoredListTests.multiplyAssignmentOperator_expectedMultiplyingTextManyTimes
[       OK ] SortedUniqueVectoredListTests.multiplyAssignmentOperator_expectedMultiplyingTextManyTimes (6 ms)
[ RUN      ] SortedUniqueVectoredListTests.pushBack_pushingNotSortedElements_expectedElementsInContainerSorted
[       OK ] SortedUniqueVectoredListTests.pushBack_pushingNotSortedElements_expectedElementsInContainerSorted (10 ms)
[ RUN      ] SortedUniqueVectoredListTests.pushBack_pushingNotSortedNotUniqueElements_expectedElementsInContainerUniqueAndSorted
[       OK ] SortedUniqueVectoredListTests.pushBack_pushingNotSortedNotUniqueElements_expectedElementsInContainerUniqueAndSorted (17 ms)
[ RUN      ] SortedUniqueVectoredListTests.pushingManyElements_expectedAllOfThemInContainerAndNothingBadhappen
[       OK ] SortedUniqueVectoredListTests.pushingManyElements_expectedAllOfThemInContainerAndNothingBadhappen (8247 ms)
[ RUN      ] SortedUniqueVectoredListTests.conversion2StringOperator_expectedAllTextsConcatened
[       OK ] SortedUniqueVectoredListTests.conversion2StringOperator_expectedAllTextsConcatened (11 ms)
[ RUN      ] SortedUniqueVectoredListTests.copying_copyingEmptyContainer
[       OK ] SortedUniqueVectoredListTests.copying_copyingEmptyContainer (4 ms)
[----------] 15 tests from SortedUniqueVectoredListTests (8450 ms total)

[----------] Global test environment tear-down
[==========] 15 tests from 1 test suite ran. (8502 ms total)
[  PASSED  ] 15 tests.
==164== 
==164== HEAP SUMMARY:
==164==     in use at exit: 861 bytes in 6 blocks
==164==   total heap usage: 11,206 allocs, 11,200 frees, 43,453,285 bytes allocated
==164== 
==164== 861 (344 direct, 517 indirect) bytes in 1 blocks are definitely lost in loss record 2 of 2
==164==    at 0x4849013: operator new(unsigned long) (in /usr/libexec/valgrind/vgpreload_memcheck-amd64-linux.so)
==164==    by 0x125ED2: SortedUniqueVectoredList::insert(std::__cxx11::basic_string<char, std::char_traits<char>, std::allocator<char> > const&) (in /tmp/tmpx4ar05mp/student/zaj10SortedUniqueVectoredList/build/bin/unit_tests)
==164==    by 0x118123: SortedUniqueVectoredListTests_assignmentOperator_assignmentCascadeAtOnceExpectingDeepCopyMultipleTimesEvenWithItselve_Test::TestBody() (in /tmp/tmpx4ar05mp/student/zaj10SortedUniqueVectoredList/build/bin/unit_tests)
==164==    by 0x1673BE: void testing::internal::HandleSehExceptionsInMethodIfSupported<testing::Test, void>(testing::Test*, void (testing::Test::*)(), char const*) (in /tmp/tmpx4ar05mp/student/zaj10SortedUniqueVectoredList/build/bin/unit_tests)
==164==    by 0x15FA08: void testing::internal::HandleExceptionsInMethodIfSupported<testing::Test, void>(testing::Test*, void (testing::Test::*)(), char const*) (in /tmp/tmpx4ar05mp/student/zaj10SortedUniqueVectoredList/build/bin/unit_tests)
==164==    by 0x13A753: testing::Test::Run() (in /tmp/tmpx4ar05mp/student/zaj10SortedUniqueVectoredList/build/bin/unit_tests)
==164==    by 0x13B26E: testing::TestInfo::Run() (in /tmp/tmpx4ar05mp/student/zaj10SortedUniqueVectoredList/build/bin/unit_tests)
==164==    by 0x13BBAC: testing::TestSuite::Run() (in /tmp/tmpx4ar05mp/student/zaj10SortedUniqueVectoredList/build/bin/unit_tests)
==164==    by 0x14BF5C: testing::internal::UnitTestImpl::RunAllTests() (in /tmp/tmpx4ar05mp/student/zaj10SortedUniqueVectoredList/build/bin/unit_tests)
==164==    by 0x168465: bool testing::internal::HandleSehExceptionsInMethodIfSupported<testing::internal::UnitTestImpl, bool>(testing::internal::UnitTestImpl*, bool (testing::internal::UnitTestImpl::*)(), char const*) (in /tmp/tmpx4ar05mp/student/zaj10SortedUniqueVectoredList/build/bin/unit_tests)
==164==    by 0x160BEE: bool testing::internal::HandleExceptionsInMethodIfSupported<testing::internal::UnitTestImpl, bool>(testing::internal::UnitTestImpl*, bool (testing::internal::UnitTestImpl::*)(), char const*) (in /tmp/tmpx4ar05mp/student/zaj10SortedUniqueVectoredList/build/bin/unit_tests)
==164==    by 0x14A57E: testing::UnitTest::Run() (in /tmp/tmpx4ar05mp/student/zaj10SortedUniqueVectoredList/build/bin/unit_tests)
==164== 
==164== LEAK SUMMARY:
==164==    definitely lost: 344 bytes in 1 blocks
==164==    indirectly lost: 517 bytes in 5 blocks
==164==      possibly lost: 0 bytes in 0 blocks
==164==    still reachable: 0 bytes in 0 blocks
==164==         suppressed: 0 bytes in 0 blocks
==164== 
==164== For lists of detected and suppressed errors, rerun with: -s
==164== ERROR SUMMARY: 1 errors from 1 contexts (suppressed: 0 from 0)
