/tmp/tmpu5dzztfz/student/zaj8i9UniqueObjectList_and_parser/objectlist.cpp:10:5: warning: Class 'ObjectList' does not have a copy constructor which is recommended since it has dynamic memory/resource allocation(s). [noCopyConstructor]
    head = new Node;
    ^
/tmp/tmpu5dzztfz/student/zaj8i9UniqueObjectList_and_parser/objectlist.cpp:10:5: warning: Class 'ObjectList' does not have a operator= which is recommended since it has dynamic memory/resource allocation(s). [noOperatorEq]
    head = new Node;
    ^
/tmp/tmpu5dzztfz/student/zaj8i9UniqueObjectList_and_parser/objectlist.cpp:10:5: warning: Class 'ObjectList' has dynamic memory/resource allocation(s). The destructor is explicitly defaulted but the default destructor does not work well. It is recommended to define the destructor. [noDestructor]
    head = new Node;
    ^
/tmp/tmpu5dzztfz/student/zaj8i9UniqueObjectList_and_parser/objectlist.h:52:9: warning: Struct 'iterator' has a constructor with 1 argument that is not explicit. [noExplicitConstructor]
        iterator(Node *node): current(node){};
        ^
/tmp/tmpu5dzztfz/student/zaj8i9UniqueObjectList_and_parser/objectlist.cpp:37:10: warning: The scope of the variable 'no_duplicates' can be reduced. [variableScope]
    bool no_duplicates = true;
         ^
/tmp/tmpu5dzztfz/student/zaj8i9UniqueObjectList_and_parser/stringObject.h:21:5: warning: Class 'StringObject' has a constructor with 1 argument that is not explicit. [noExplicitConstructor]
    StringObject(std::string new_text);
    ^
/tmp/tmpu5dzztfz/student/zaj8i9UniqueObjectList_and_parser/stringObject.cpp:12:40: warning: Function parameter 'new_text' should be passed by const reference. [passedByValue]
StringObject::StringObject(std::string new_text): text(new_text){};
                                       ^
/tmp/tmpu5dzztfz/student/zaj8i9UniqueObjectList_and_parser/objectlist.cpp:22:0: warning: The function 'size' is never used. [unusedFunction]
std::size_t ObjectList::size() const{
^
/tmp/tmpu5dzztfz/student/zaj8i9UniqueObjectList_and_parser/objectlist.cpp:36:0: warning: The function 'push_front' is never used. [unusedFunction]
void ObjectList::push_front(value_type* newObject){
^
/tmp/tmpu5dzztfz/student/zaj8i9UniqueObjectList_and_parser/objectlist.cpp:71:0: warning: The function 'front' is never used. [unusedFunction]
ObjectList::value_type& ObjectList::front(){
^
/tmp/tmpu5dzztfz/student/zaj8i9UniqueObjectList_and_parser/objectlist.cpp:78:0: warning: The function 'begin' is never used. [unusedFunction]
ObjectList::iterator ObjectList::begin(){
^
/tmp/tmpu5dzztfz/student/zaj8i9UniqueObjectList_and_parser/objectlist.cpp:81:0: warning: The function 'end' is never used. [unusedFunction]
ObjectList::iterator ObjectList::end(){
^
/tmp/tmpu5dzztfz/student/zaj8i9UniqueObjectList_and_parser/objectlist.cpp:85:0: warning: The function 'clear' is never used. [unusedFunction]
void ObjectList::clear(){
^
/tmp/tmpu5dzztfz/student/zaj8i9UniqueObjectList_and_parser/objectlist.cpp:94:0: warning: The function 'reverse' is never used. [unusedFunction]
void ObjectList::reverse() noexcept {
^
/tmp/tmpu5dzztfz/student/zaj8i9UniqueObjectList_and_parser/objectlist.cpp:109:0: warning: The function 'erase_after' is never used. [unusedFunction]
void ObjectList::erase_after(iterator position){
^
/tmp/tmpu5dzztfz/student/zaj8i9UniqueObjectList_and_parser/objectlist.cpp:123:0: warning: The function 'erase' is never used. [unusedFunction]
void ObjectList::erase(iterator position){
^
