[ 11%] Building CXX object unitTests/lib/googletest/CMakeFiles/gtest.dir/src/gtest-all.cc.o
[ 22%] Linking CXX static library ../../../lib/libgtest.a
[ 22%] Built target gtest
[ 33%] Building CXX object unitTests/lib/googletest/CMakeFiles/gtest_main.dir/src/gtest_main.cc.o
[ 44%] Linking CXX static library ../../../lib/libgtest_main.a
[ 44%] Built target gtest_main
[ 77%] Building CXX object unitTests/CMakeFiles/unit_tests.dir/__/objectlist.cpp.o
[ 77%] Building CXX object unitTests/CMakeFiles/unit_tests.dir/__/stringObject.cpp.o
[ 77%] Building CXX object unitTests/CMakeFiles/unit_tests.dir/objectUniqueListTest.cpp.o
[ 88%] Building CXX object unitTests/CMakeFiles/unit_tests.dir/__/object.cpp.o
[100%] Linking CXX executable ../bin/unit_tests
[100%] Built target unit_tests
Consolidate compiler generated dependencies of target gtest
[  9%] Building CXX object CMakeFiles/zad8CommandsParser.dir/main.cpp.o
[ 27%] Building CXX object CMakeFiles/zad8CommandsParser.dir/objectlist.cpp.o
[ 27%] Building CXX object CMakeFiles/zad8CommandsParser.dir/object.cpp.o
[ 36%] Building CXX object CMakeFiles/zad8CommandsParser.dir/stringObject.cpp.o
[ 54%] Built target gtest
Consolidate compiler generated dependencies of target gtest_main
[ 72%] Built target gtest_main
[ 81%] Linking CXX executable bin/zad8CommandsParser
[ 81%] Built target zad8CommandsParser
[ 90%] Building CXX object systemTests/CMakeFiles/system_tests.dir/executableTests.cpp.o
[100%] Linking CXX executable ../bin/system_tests
[100%] Built target system_tests
